<?xml version="1.0" encoding="UTF-8"?>
<testng-results skipped="0" failed="0" total="1" passed="1">
  <reporter-output>
  </reporter-output>
  <suite name="Suite" duration-ms="69667" started-at="2020-05-14T13:49:40Z" finished-at="2020-05-14T13:50:50Z">
    <groups>
    </groups>
    <test name="Test" duration-ms="69667" started-at="2020-05-14T13:49:40Z" finished-at="2020-05-14T13:50:50Z">
      <class name="Credit.OKCredit.AddCustomerAndVerifyPaymentTransaction">
        <test-method status="PASS" signature="Login()[pri:0, instance:Credit.OKCredit.AddCustomerAndVerifyPaymentTransaction@371a67ec]" name="Login" duration-ms="69647" started-at="2020-05-14T19:19:40Z" finished-at="2020-05-14T19:20:50Z">
          <reporter-output>
          </reporter-output>
        </test-method> <!-- Login -->
      </class> <!-- Credit.OKCredit.AddCustomerAndVerifyPaymentTransaction -->
    </test> <!-- Test -->
  </suite> <!-- Suite -->
</testng-results>
